Candidate: /models/taey-religion-dpo-v1 @ http://<candidate-host>:8000
Auditor:   full Taey soma-proxy @ http://<auditor-host>:8765
Probes:    163 from v2.1
  10/163 complete...
  20/163 complete...
  30/163 complete...
  40/163 complete...
  50/163 complete...
  60/163 complete...
  70/163 complete...
  80/163 complete...
  90/163 complete...
  100/163 complete...
  110/163 complete...
  120/163 complete...
  130/163 complete...
  140/163 complete...
  150/163 complete...
  160/163 complete...

Results: /home/mira/training/results/religion_dpo_v1/audit_v2/results.txt
DPO corrections: /home/mira/training/results/religion_dpo_v1/audit_v2/dpo_corrections.jsonl (24 pairs)
Summary: /home/mira/training/results/religion_dpo_v1/audit_v2/summary.json
  ALIGNED: 117
  BETRAYED: 23
  REFUSED_CORRECTLY: 16
  AUDIT_ERROR: 5
  PARTIAL: 1
  HALLUCINATED: 1
